     1                                 %line 1+1 3.asm
     2                                 [section .bss]
     3                                 
     4 00000000 <gap>                  min1 resd 1
     5 00000004 <gap>                  max1 resd 1
     6 00000008 <gap>                  sum1 resd 1
     7 0000000C <gap>                  ave1 resd 1
     8 00000010 <gap>                  med11 resd 1
     9 00000014 <gap>                  med12 resd 1
    10                                 
    11 00000018 <gap>                  min2 resd 1
    12 0000001C <gap>                  max2 resd 1
    13 00000020 <gap>                  sum2 resd 1
    14 00000024 <gap>                  ave2 resd 1
    15 00000028 <gap>                  med21 resd 1
    16 0000002C <gap>                  med22 resd 1
    17                                 
    18 00000030 <gap>                  min3 resd 1
    19 00000034 <gap>                  max3 resd 1
    20 00000038 <gap>                  sum3 resd 1
    21 0000003C <gap>                  ave3 resd 1
    22 00000040 <gap>                  med31 resd 1
    23 00000044 <gap>                  med32 resd 1
    24                                 
    25                                 [section .data]
    26                                 
    27                                 SYS_exit equ 60
    28                                 EXIT_SUCCESS equ 0
    29                                 
    30 00000000 F7FFFFFFF1FFFFFF09-    list1 dd -9, -15, 9, 0, 17, 38
    31 00000000 000000000000001100-
    32 00000000 000026000000       
    33 00000018 06000000               len1 dd 6
    34                                 
    35 0000001C 05000000020000000A-    list2 dd 5, 2, 10, -12, -124, 14, 13, 0, -1, 6, 10
    36 0000001C 000000F4FFFFFF84FF-
    37 0000001C FFFF0E0000000D0000-
    38 0000001C 0000000000FFFFFFFF-
    39 0000001C 060000000A000000   
    40 00000048 0B000000               len2 dd 11
    41                                 
    42 0000004C 020000000600000001-    list3 dd 2, 6, 1, 10, -5, -13, 15, 34
    43 0000004C 0000000A000000FBFF-
    44 0000004C FFFFF3FFFFFF0F0000-
    45 0000004C 0022000000         
    46 0000006C 08000000               len3 dd 8
    47                                 
    48                                 [section .text]
    49                                 
    50                                 [global sort]
    51                                 sort:
    52                                 
    53 00000000 4154                   push r12
    54 00000002 49C7C400000000         mov r12, 0
    55                                 
    56                                 iterate:
    57 00000009 468B14A7                mov r10d, dword [rdi + r12 * 4]
    58 0000000D 4D89E3                  mov r11, r12
    59 00000010 4C89E1                  mov rcx, r12
    60                                 
    61                                  minimum:
    62 00000013 443B148F                cmp r10d, dword [rdi + rcx * 4]
    63 00000017 7C05                    jl non_minim
    64 00000019 448B148F                mov r10d, dword [rdi + rcx * 4]
    65 0000001D 4989CB                  mov r11, rcx
    66                                  non_minim:
    67 00000020 48FFC1                  inc rcx
    68 00000023 39F1                    cmp ecx, esi
    69 00000025 7CEA                    jl minimum
    70 00000027 428B04A7                mov eax, dword [rdi + r12 * 4]
    71 0000002B 468914A7                mov dword [rdi + r12 * 4], r10d
    72 0000002F 4289049F                mov dword [rdi + r11 * 4], eax
    73 00000033 49FFC4                  inc r12
    74 00000036 4139F4                  cmp r12d, esi
    75 00000039 75CC                    jne iterate
    76                                 
    77 0000003B 415C                   pop r12
    78 0000003D C3                     ret
    79                                 
    80                                 [global stats]
    81                                 stats:
    82                                 
    83 0000003E 55                     push rbp
    84 0000003F 4889E5                 mov rbp, rsp
    85 00000042 4154                   push r12
    86 00000044 53                     push rbx
    87 00000045 49C7C400000000         mov r12, 0
    88                                 
    89 0000004C 4C8B5510               mov r10, qword [rbp + 16]
    90 00000050 448B1F                 mov r11d, dword [rdi]
    91 00000053 45891A                 mov dword [r10], r11d
    92                                 
    93 00000056 4989D3                 mov r11, rdx
    94 00000059 89F0                   mov eax, esi
    95 0000005B 99                     cdq
    96 0000005C 48C7C302000000         mov rbx, 2
    97 00000063 48F7F3                 div rbx
    98                                 
    99 00000066 448B1487               mov r10d, dword [rdi + rax * 4]
   100 0000006A 458913                 mov dword [r11], r10d
   101 0000006D 448911                 mov dword [rcx], r10d
   102                                 
   103 00000070 83FA00                 cmp edx, 0
   104 00000073 7507                   jne odd
   105 00000075 FFC8                   dec eax
   106 00000077 448B1487               mov r10d, dword [rdi + rax * 4]
   107 0000007B 458913                 mov dword [r11], r10d
   108                                 odd:
   109                                 
   110 0000007E 48FFCE                 dec rsi
   111 00000081 4C8B5518               mov r10, qword [rbp + 24]
   112 00000085 448B1CB7               mov r11d, dword [rdi + rsi * 4]
   113 00000089 45891A                 mov dword [r10], r11d
   114 0000008C 48FFC6                 inc rsi
   115                                 
   116 0000008F B800000000             mov eax, 0
   117                                 
   118                                 loop_stats:
   119 00000094 420304A7                add eax, dword [rdi + r12 * 4]
   120 00000098 49FFC4                  inc r12
   121 0000009B 4139F4                  cmp r12d, esi
   122 0000009E 75F2                    jne loop_stats
   123                                 
   124                                 
   125 000000A0 418900                 mov dword [r8], eax
   126 000000A3 99                     cdq
   127 000000A4 4189F2                 mov r10d, esi
   128 000000A7 41F7FA                 idiv r10d
   129 000000AA 418901                 mov dword [r9], eax
   130                                 
   131 000000AD 5B                     pop rbx
   132 000000AE 415C                   pop r12
   133 000000B0 4889EC                 mov rsp, rbp
   134 000000B3 5D                     pop rbp
   135 000000B4 C3                     ret
   136                                 
   137                                 
   138                                 [global _start]
   139                                 _start:
   140                                 
   141 000000B5 48C7C7[00000000]       mov rdi, list1
   142 000000BC 8B3425[00000000]       mov esi, dword [len1]
   143 000000C3 E833FFFFFF             call sort
   144                                 
   145 000000C8 48C7C2[00000000]       mov rdx, med11
   146 000000CF 48C7C1[00000000]       mov rcx, med12
   147 000000D6 49C7C0[00000000]       mov r8, sum1
   148 000000DD 49C7C1[00000000]       mov r9, ave1
   149 000000E4 68[00000000]           push max1
   150 000000E9 68[00000000]           push min1
   151 000000EE E846FFFFFF             call stats
   152                                 
   153 000000F3 48C7C7[00000000]       mov rdi, list2
   154 000000FA 8B3425[00000000]       mov esi, dword [len2]
   155 00000101 E8F5FEFFFF             call sort
   156                                 
   157 00000106 48C7C2[00000000]       mov rdx, med21
   158 0000010D 48C7C1[00000000]       mov rcx, med22
   159 00000114 49C7C0[00000000]       mov r8, sum2
   160 0000011B 49C7C1[00000000]       mov r9, ave2
   161 00000122 68[00000000]           push max2
   162 00000127 68[00000000]           push min2
   163 0000012C E808FFFFFF             call stats
   164                                 
   165 00000131 48C7C7[00000000]       mov rdi, list3
   166 00000138 8B3425[00000000]       mov esi, dword [len3]
   167 0000013F E8B7FEFFFF             call sort
   168                                 
   169 00000144 48C7C2[00000000]       mov rdx, med31
   170 0000014B 48C7C1[00000000]       mov rcx, med32
   171 00000152 49C7C0[00000000]       mov r8, sum3
   172 00000159 49C7C1[00000000]       mov r9, ave3
   173 00000160 68[00000000]           push max3
   174 00000165 68[00000000]           push min3
   175 0000016A E8CAFEFFFF             call stats
   176                                 
   177                                 
   178                                 last:
   179 0000016F 48C7C03C000000          mov rax, SYS_exit
   180 00000176 48C7C700000000          mov rdi, EXIT_SUCCESS
   181 0000017D 0F05                    syscall
