     1                                 %line 1+1 2.asm
     2                                 [section .data]
     3                                 
     4                                 LF equ 10
     5                                 NULL equ 0
     6                                 
     7                                 EXIT_SUCCESS equ 0
     8                                 
     9                                 STDIN equ 0
    10                                 STDOUT equ 1
    11                                 
    12                                 SYS_read equ 0
    13                                 SYS_write equ 1
    14                                 SYS_exit equ 60
    15                                 
    16                                 STRLEN equ 10
    17                                 
    18                                 [section .bss]
    19                                 
    20 00000000 <gap>                  chr resb 1
    21                                 
    22                                 [section .text]
    23                                 [global _start]
    24                                 _start:
    25                                 
    26 00000000 E80B000000             call readString
    27                                 
    28                                 exampleDone:
    29 00000005 48C7C03C000000          mov rax, SYS_exit
    30 0000000C 48C7C700000000          mov rdi, EXIT_SUCCESS
    31 00000013 0F05                    syscall
    32                                 
    33                                 [global readString]
    34                                 readString:
    35                                 
    36 00000015 55                     push rbp
    37 00000016 4889E5                 mov rbp, rsp
    38 00000019 53                     push rbx
    39 0000001A 488D5DF5               lea rbx, byte [rbp - STRLEN - 1]
    40                                 
    41 0000001E 48C7C000000000         mov rax, 0
    42                                 
    43                                 readCharacters:
    44 00000025 48C7C000000000          mov rax, SYS_read
    45 0000002C 48C7C700000000          mov rdi, STDIN
    46 00000033 488D3425[00000000]      lea rsi, byte [chr]
    47 0000003B 48C7C201000000          mov rdx, 1
    48 00000042 0F05                    syscall
    49                                 
    50 00000044 8A0425[00000000]        mov al, byte [chr]
    51 0000004B 3C0A                    cmp al, LF
    52 0000004D 7408                    je readDone
    53                                 
    54 0000004F 8803                    mov byte [rbx], al
    55 00000051 48FFC3                  inc rbx
    56 00000054 48FFC0                  inc rax
    57                                 
    58 00000057 EBCA                    jmp readCharacters
    59                                 
    60                                 readDone:
    61 00000059 C60300                  mov byte [rbx], NULL
    62                                 
    63                                 strCountDone:
    64 0000005C 4883F800                cmp rax, 0
    65 00000060 7415                    je prtDone
    66                                 
    67 00000062 4889C2                 mov rdx, rax
    68 00000065 48C7C001000000         mov rax, SYS_write
    69 0000006C 488D75F5               lea rsi, byte [rbp - STRLEN - 1]
    70 00000070 48C7C701000000         mov rdi, STDOUT
    71 00000077 0F05                   syscall
    72                                 
    73                                 prtDone:
    74 00000079 5B                      pop rbx
    75 0000007A 4889EC                  mov rsp, rbp
    76 0000007D 5D                      pop rbp
    77 0000007E C3                      ret
