     1                                 %line 1+1 1.asm
     2                                 [section .data]
     3                                 
     4                                 EXIT_SUCCESS equ 0
     5                                 SYS_exit equ 0
     6                                 
     7 00000000 11                     bNum1 db 17
     8 00000001 0D                     bNum2 db 13
     9 00000002 09                     bNum3 db 9
    10 00000003 03                     bNum4 db 3
    11 00000004 00                     bAns1 db 0
    12 00000005 00                     bAns2 db 0
    13 00000006 00                     bAns3 db 0
    14 00000007 00                     bAns6 db 0
    15 00000008 00                     bAns7 db 0
    16 00000009 00                     bAns8 db 0
    17 0000000A 0000                   wAns11 dw 0
    18 0000000C 0000                   wAns12 dw 0
    19 0000000E 0000                   wAns13 dw 0
    20 00000010 00                     bAns16 db 0
    21 00000011 00                     bAns17 db 0
    22 00000012 00                     bAns18 db 0
    23 00000013 00                     bRem18 db 0
    24 00000014 13                     wNum1 db 19
    25                                 
    26                                 [section .text]
    27                                 [global _start]
    28                                 _start:
    29                                 
    30 00000000 8A0425[00000000]       mov al, byte [bNum1]
    31 00000007 020425[00000000]       add al, byte [bNum2]
    32 0000000E 880425[00000000]       mov byte [bAns1], al
    33                                 
    34 00000015 8A0425[00000000]       mov al, byte [bNum1]
    35 0000001C 020425[00000000]       add al, byte [bNum3]
    36 00000023 880425[00000000]       mov byte [bAns2], al
    37                                 
    38 0000002A 8A0425[00000000]       mov al, byte [bNum3]
    39 00000031 020425[00000000]       add al, byte [bNum4]
    40 00000038 880425[00000000]       mov byte [bAns3], al
    41                                 
    42 0000003F 8A0425[00000000]       mov al, byte [bNum1]
    43 00000046 2A0425[00000000]       sub al, byte [bNum2]
    44 0000004D 880425[00000000]       mov byte [bAns6], al
    45                                 
    46 00000054 8A0425[00000000]       mov al, byte [bNum1]
    47 0000005B 2A0425[00000000]       sub al, byte [bNum3]
    48 00000062 880425[00000000]       mov byte [bAns7], al
    49                                 
    50 00000069 8A0425[00000000]       mov al, byte [bNum2]
    51 00000070 2A0425[00000000]       sub al, byte [bNum4]
    52 00000077 880425[00000000]       mov byte[bAns8], al
    53                                 
    54 0000007E 8A0425[00000000]       mov al, byte [bNum1]
    55 00000085 B400                   mov ah, 0
    56 00000087 F62425[00000000]       mul byte [bNum3]
    57 0000008E 66890425[00000000]     mov word [wAns11], ax
    58                                 
    59 00000096 8A0425[00000000]       mov al, byte [bNum2]
    60 0000009D F6E0                   mul al
    61 0000009F 66890425[00000000]     mov word [wAns12], ax
    62                                 
    63 000000A7 8A0425[00000000]       mov al, byte [bNum2]
    64 000000AE F62425[00000000]       mul byte [bNum4]
    65 000000B5 66890425[00000000]     mov word [wAns13], ax
    66                                 
    67 000000BD 8A0425[00000000]       mov al, byte [bNum1]
    68 000000C4 B400                   mov ah, 0
    69 000000C6 F63425[00000000]       div byte [bNum2]
    70 000000CD 880425[00000000]       mov byte [bAns16], al
    71                                 
    72 000000D4 8A0425[00000000]       mov al, byte [bNum3]
    73 000000DB B400                   mov ah, 0
    74 000000DD F63425[00000000]       div byte [bNum4]
    75 000000E4 880425[00000000]       mov byte [bAns17], al
    76                                 
    77 000000EB 668B0425[00000000]     mov ax, word [wNum1]
    78 000000F3 F63425[00000000]       div byte [bNum4]
    79 000000FA 880425[00000000]       mov byte [bAns18], al
    80 00000101 882425[00000000]       mov byte [bRem18], ah
    81                                 
    82                                 last:
    83 00000108 48C7C000000000          mov rax, SYS_exit
    84 0000010F 48C7C700000000          mov rdi, EXIT_SUCCESS
    85 00000116 0F05                    syscall
