     1                                 %line 1+1 11.asm
     2                                 [section .data]
     3                                 
     4 00000000 C000000000000000       a dq 192
     5 00000008 A200000000000000       b dq 162
     6                                 
     7                                 [section .text]
     8                                 [global _start]
     9                                 _start:
    10                                 
    11                                 euclid:
    12 00000000 48C7C200000000          mov rdx, 0
    13 00000007 488B0425[00000000]      mov rax, qword [a]
    14 0000000F 488B0C25[00000000]      mov rcx, qword [b]
    15 00000017 48890C25[00000000]      mov qword [a], rcx
    16 0000001F 48F7F1                  div rcx
    17 00000022 48891425[00000000]      mov qword [b], rdx
    18 0000002A 48833C25[00000000]-     cmp qword [b], 0
    19 0000002A 00                 
    20 00000033 75C9                    jne euclid
    21                                 
    22                                 last:
    23 00000035 48C7C000000000          mov rax, 0
    24 0000003C 48C7C700000000          mov rdi, 0
    25 00000043 0F05                    syscall
