     1                                 %line 1+1 3.asm
     2                                 [section .data]
     3                                 
     4                                 EXIT_SUCCESS equ 0
     5                                 SYS_exit equ 60
     6                                 
     7 00000000 1300                   wNum1 dw 19
     8 00000002 0E00                   wNum2 dw 14
     9 00000004 0700                   wNum3 dw 7
    10 00000006 0B00                   wNum4 dw 11
    11 00000008 0000                   wAns1 dw 0
    12 0000000A 0000                   wAns2 dw 0
    13 0000000C 0000                   wAns3 dw 0
    14 0000000E 0000                   wAns6 dw 0
    15 00000010 0000                   wAns7 dw 0
    16 00000012 0000                   wAns8 dw 0
    17 00000014 00000000               dAns11 dd 0
    18 00000018 00000000               dAns12 dd 0
    19 0000001C 00000000               dAns13 dd 0
    20 00000020 0000                   wAns16 dw 0
    21 00000022 0000                   wAns17 dw 0
    22 00000024 0000                   wAns18 dw 0
    23 00000026 0000                   wRem18 dw 0
    24 00000028 17000000               dNum1 dd 23
    25                                 
    26                                 
    27                                 [section .text]
    28                                 [global _start]
    29                                 _start:
    30                                 
    31 00000000 668B0425[00000000]     mov ax, word [wNum1]
    32 00000008 66030425[00000000]     add ax, word [wNum2]
    33 00000010 66890425[00000000]     mov word [wAns1], ax
    34                                 
    35 00000018 668B0425[00000000]     mov ax, word [wNum1]
    36 00000020 66030425[00000000]     add ax, word [wNum3]
    37 00000028 66890425[00000000]     mov word [wAns2], ax
    38                                 
    39 00000030 668B0425[00000000]     mov ax, word [wNum3]
    40 00000038 66030425[00000000]     add ax, word [wNum4]
    41 00000040 66890425[00000000]     mov word [wAns3], ax
    42                                 
    43 00000048 668B0425[00000000]     mov ax, word [wNum1]
    44 00000050 662B0425[00000000]     sub ax, word [wNum2]
    45 00000058 66890425[00000000]     mov word [wAns6], ax
    46                                 
    47 00000060 668B0425[00000000]     mov ax, word [wNum1]
    48 00000068 662B0425[00000000]     sub ax, word [wNum3]
    49 00000070 66890425[00000000]     mov word [wAns7], ax
    50                                 
    51 00000078 668B0425[00000000]     mov ax, word [wNum2]
    52 00000080 662B0425[00000000]     sub ax, word [wNum4]
    53 00000088 66890425[00000000]     mov word [wAns8], ax
    54                                 
    55 00000090 668B0425[00000000]     mov ax, word [wNum1]
    56 00000098 66F72425[00000000]     mul word [wNum3]
    57 000000A0 66890425[00000000]     mov word [dAns11], ax
    58 000000A8 66891425[02000000]     mov word [dAns11 + 2], dx
    59                                 
    60 000000B0 668B0425[00000000]     mov ax, word [wNum2]
    61 000000B8 66F7E0                 mul ax
    62 000000BB 66890425[00000000]     mov word [dAns12], ax
    63 000000C3 66891425[02000000]     mov word [dAns12 + 2], dx
    64                                 
    65 000000CB 668B0425[00000000]     mov ax, word [wNum2]
    66 000000D3 66F72425[00000000]     mul word [wNum4]
    67 000000DB 66890425[00000000]     mov word [dAns13], ax
    68 000000E3 66891425[02000000]     mov word [dAns13 + 2], dx
    69                                 
    70 000000EB 66BA0000               mov dx, 0
    71 000000EF 668B0425[00000000]     mov ax, word [wNum1]
    72 000000F7 66F73425[00000000]     div word [wNum2]
    73 000000FF 66890425[00000000]     mov word [wAns16], ax
    74                                 
    75 00000107 66BA0000               mov dx, 0
    76 0000010B 668B0425[00000000]     mov ax, word [wNum3]
    77 00000113 66F73425[00000000]     div word [wNum4]
    78 0000011B 66890425[00000000]     mov word [wAns17], ax
    79                                 
    80 00000123 668B0425[00000000]     mov ax, word [dNum1]
    81 0000012B 668B1425[02000000]     mov dx, word [dNum1 + 2]
    82 00000133 66F73425[00000000]     div word [wNum4]
    83 0000013B 66890425[00000000]     mov word [wAns18], ax
    84 00000143 66891425[00000000]     mov word [wRem18], dx
    85                                 
    86                                 last:
    87 0000014B 48C7C03C000000          mov rax, SYS_exit
    88 00000152 48C7C700000000          mov rdi, EXIT_SUCCESS
    89 00000159 0F05                    syscall
