     1                                 %line 1+1 4.asm
     2                                 [section .data]
     3                                 
     4                                 EXIT_SUCCESS equ 0
     5                                 SYS_exit equ 60
     6                                 
     7 00000000 E5FF                   wNum1 dw -27
     8 00000002 0D00                   wNum2 dw 13
     9 00000004 FBFF                   wNum3 dw -5
    10 00000006 0400                   wNum4 dw 4
    11 00000008 0000                   wAns1 dw 0
    12 0000000A 0000                   wAns2 dw 0
    13 0000000C 0000                   wAns3 dw 0
    14 0000000E 0000                   wAns6 dw 0
    15 00000010 0000                   wAns7 dw 0
    16 00000012 0000                   wAns8 dw 0
    17 00000014 00000000               dAns11 dd 0
    18 00000018 00000000               dAns12 dd 0
    19 0000001C 00000000               dAns13 dd 0
    20 00000020 0000                   wAns16 dw 0
    21 00000022 0000                   wAns17 dw 0
    22 00000024 0000                   wAns18 dw 0
    23 00000026 0000                   wRem18 dw 0
    24 00000028 E1FFFFFF               dNum1 dd -31
    25                                 
    26                                 [section .text]
    27                                 [global _start]
    28                                 _start:
    29                                 
    30 00000000 668B0425[00000000]     mov ax, word [wNum1]
    31 00000008 66030425[00000000]     add ax, word [wNum2]
    32 00000010 66890425[00000000]     mov word [wAns1], ax
    33                                 
    34 00000018 668B0425[00000000]     mov ax, word [wNum1]
    35 00000020 66030425[00000000]     add ax, word [wNum3]
    36 00000028 66890425[00000000]     mov word [wAns2], ax
    37                                 
    38 00000030 668B0425[00000000]     mov ax, word [wNum3]
    39 00000038 66030425[00000000]     add ax, word [wNum4]
    40 00000040 66890425[00000000]     mov word [wAns3], ax
    41                                 
    42 00000048 668B0425[00000000]     mov ax, word [wNum1]
    43 00000050 662B0425[00000000]     sub ax, word [wNum2]
    44 00000058 66890425[00000000]     mov word [wAns6], ax
    45                                 
    46 00000060 668B0425[00000000]     mov ax, word [wNum1]
    47 00000068 662B0425[00000000]     sub ax, word [wNum3]
    48 00000070 66890425[00000000]     mov word [wAns7], ax
    49                                 
    50 00000078 668B0425[00000000]     mov ax, word [wNum2]
    51 00000080 662B0425[00000000]     sub ax, word [wNum4]
    52 00000088 66890425[00000000]     mov word [wAns8], ax
    53                                 
    54 00000090 668B0425[00000000]     mov ax, word [wNum1]
    55 00000098 66F72C25[00000000]     imul word [wNum3]
    56 000000A0 66890425[00000000]     mov word [dAns11], ax
    57 000000A8 66891425[02000000]     mov word [dAns11 + 2], dx
    58                                 
    59 000000B0 668B0425[00000000]     mov ax, word [wNum2]
    60 000000B8 66F7E8                 imul ax
    61 000000BB 66890425[00000000]     mov word [dAns12], ax
    62 000000C3 66891425[02000000]     mov word [dAns12 + 2], dx
    63                                 
    64 000000CB 668B0425[00000000]     mov ax, word [wNum2]
    65 000000D3 66F72C25[00000000]     imul word [wNum4]
    66 000000DB 66890425[00000000]     mov word [dAns13], ax
    67 000000E3 66891425[02000000]     mov word [dAns13 + 2], dx
    68                                 
    69 000000EB 668B0425[00000000]     mov ax, word [wNum1]
    70 000000F3 6699                   cwd
    71 000000F5 66F73C25[00000000]     idiv word [wNum2]
    72 000000FD 66890425[00000000]     mov word [wAns16], ax
    73                                 
    74 00000105 668B0425[00000000]     mov ax, word [wNum3]
    75 0000010D 6699                   cwd
    76 0000010F 66F73C25[00000000]     idiv word [wNum4]
    77 00000117 66890425[00000000]     mov word [wAns17], ax
    78                                 
    79 0000011F 668B0425[00000000]     mov ax, word [dNum1]
    80 00000127 66F73C25[00000000]     idiv word [wNum4]
    81 0000012F 66890425[00000000]     mov word [wAns18], ax
    82 00000137 66891425[00000000]     mov word [wRem18], dx
    83                                 
    84                                 last:
    85 0000013F 48C7C03C000000          mov rax, SYS_exit
    86 00000146 48C7C700000000          mov rdi, EXIT_SUCCESS
    87 0000014D 0F05                    syscall
