     1                                 %line 1+1 5.asm
     2                                 [section .data]
     3                                 
     4                                 EXIT_SUCCESS equ 0
     5                                 SYS_exit equ 0
     6                                 
     7 00000000 89000000               dNum1 dd 137
     8 00000004 61000000               dNum2 dd 97
     9 00000008 36000000               dNum3 dd 54
    10 0000000C 11000000               dNum4 dd 17
    11 00000010 00000000               dAns1 dd 0
    12 00000014 00000000               dAns2 dd 0
    13 00000018 00000000               dAns3 dd 0
    14 0000001C 00000000               dAns6 dd 0
    15 00000020 00000000               dAns7 dd 0
    16 00000024 00000000               dAns8 dd 0
    17 00000028 0000000000000000       qAns11 dq 0
    18 00000030 0000000000000000       qAns12 dq 0
    19 00000038 0000000000000000       qAns13 dq 0
    20 00000040 00000000               dAns16 dd 0
    21 00000044 00000000               dAns17 dd 0
    22 00000048 00000000               dAns18 dd 0
    23 0000004C 00000000               dRem18 dd 0
    24 00000050 9900000000000000       qNum1 dq 153
    25                                 
    26                                 [section .text]
    27                                 [global _start]
    28                                 _start:
    29                                 
    30 00000000 8B0425[00000000]       mov eax, dword [dNum1]
    31 00000007 030425[00000000]       add eax, dword [dNum2]
    32 0000000E 890425[00000000]       mov dword [dAns1], eax
    33                                 
    34 00000015 8B0425[00000000]       mov eax, dword [dNum1]
    35 0000001C 030425[00000000]       add eax, dword [dNum3]
    36 00000023 890425[00000000]       mov dword [dAns2], eax
    37                                 
    38 0000002A 8B0425[00000000]       mov eax, dword [dNum3]
    39 00000031 030425[00000000]       add eax, dword [dNum4]
    40 00000038 890425[00000000]       mov dword [dAns3], eax
    41                                 
    42 0000003F 8B0425[00000000]       mov eax, dword [dNum1]
    43 00000046 2B0425[00000000]       sub eax, dword [dNum2]
    44 0000004D 890425[00000000]       mov dword [dAns6], eax
    45                                 
    46 00000054 8B0425[00000000]       mov eax, dword [dNum1]
    47 0000005B 2B0425[00000000]       sub eax, dword [dNum3]
    48 00000062 890425[00000000]       mov dword [dAns7], eax
    49                                 
    50 00000069 8B0425[00000000]       mov eax, dword [dNum2]
    51 00000070 2B0425[00000000]       sub eax, dword [dNum4]
    52 00000077 890425[00000000]       mov dword [dAns8], eax
    53                                 
    54 0000007E 8B0425[00000000]       mov eax, dword [dNum1]
    55 00000085 F72425[00000000]       mul dword [dNum3]
    56 0000008C 890425[00000000]       mov dword [qAns11], eax
    57 00000093 891425[04000000]       mov dword [qAns11 + 4], edx
    58                                 
    59 0000009A 8B0425[00000000]       mov eax, dword [dNum2]
    60 000000A1 F7E0                   mul eax
    61 000000A3 890425[00000000]       mov dword [qAns12], eax
    62 000000AA 891425[04000000]       mov dword [qAns12 + 4], edx
    63                                 
    64 000000B1 8B0425[00000000]       mov eax, dword [dNum2]
    65 000000B8 F72425[00000000]       mul dword [dNum4]
    66 000000BF 890425[00000000]       mov dword [qAns13], eax
    67 000000C6 891425[04000000]       mov dword [qAns13 + 4], edx
    68                                 
    69 000000CD BA00000000             mov edx, 0
    70 000000D2 8B0425[00000000]       mov eax, dword [dNum1]
    71 000000D9 F73425[00000000]       div dword [dNum2]
    72 000000E0 890425[00000000]       mov dword [dAns16], eax
    73                                 
    74 000000E7 BA00000000             mov edx, 0
    75 000000EC 8B0425[00000000]       mov eax, dword [dNum3]
    76 000000F3 F73425[00000000]       div dword [dNum4]
    77 000000FA 890425[00000000]       mov dword [dAns17], eax
    78                                 
    79 00000101 8B0425[00000000]       mov eax, dword [qNum1]
    80 00000108 8B1425[04000000]       mov edx, dword [qNum1 + 4]
    81 0000010F F73425[00000000]       div dword [dNum4]
    82 00000116 890425[00000000]       mov dword [dAns18], eax
    83 0000011D 891425[00000000]       mov dword [dRem18], edx
    84                                 
    85                                 last:
    86 00000124 48C7C000000000          mov rax, SYS_exit
    87 0000012B 48C7C700000000          mov rdi, EXIT_SUCCESS
    88 00000132 0F05                    syscall
