     1                                 %line 1+1 6.asm
     2                                 [section .data]
     3                                 
     4                                 EXIT_SUCCESS equ 0
     5                                 SYS_exit equ 0
     6                                 
     7 00000000 7B000000               dNum1 dd 123
     8 00000004 6AFFFFFF               dNum2 dd -150
     9 00000008 38000000               dNum3 dd 56
    10 0000000C F3FFFFFF               dNum4 dd -13
    11 00000010 00000000               dAns1 dd 0
    12 00000014 00000000               dAns2 dd 0
    13 00000018 00000000               dAns3 dd 0
    14 0000001C 00000000               dAns6 dd 0
    15 00000020 00000000               dAns7 dd 0
    16 00000024 00000000               dAns8 dd 0
    17 00000028 0000000000000000       qAns11 dq 0
    18 00000030 0000000000000000       qAns12 dq 0
    19 00000038 0000000000000000       qAns13 dq 0
    20 00000040 00000000               dAns16 dd 0
    21 00000044 00000000               dAns17 dd 0
    22 00000048 00000000               dAns18 dd 0
    23 0000004C 00000000               dRem18 dd 0
    24 00000050 D500000000000000       qNum1 dq 213
    25                                 
    26                                 [section .text]
    27                                 [global _start]
    28                                 _start:
    29                                 
    30 00000000 8B0425[00000000]       mov eax, dword [dNum1]
    31 00000007 030425[00000000]       add eax, dword [dNum2]
    32 0000000E 890425[00000000]       mov dword [dAns1], eax
    33                                 
    34 00000015 8B0425[00000000]       mov eax, dword [dNum1]
    35 0000001C 030425[00000000]       add eax, dword [dNum3]
    36 00000023 890425[00000000]       mov dword [dAns2], eax
    37                                 
    38 0000002A 8B0425[00000000]       mov eax, dword [dNum3]
    39 00000031 030425[00000000]       add eax, dword [dNum4]
    40 00000038 890425[00000000]       mov dword [dAns3], eax
    41                                 
    42 0000003F 8B0425[00000000]       mov eax, dword [dNum1]
    43 00000046 2B0425[00000000]       sub eax, dword [dNum2]
    44 0000004D 890425[00000000]       mov dword [dAns6], eax
    45                                 
    46 00000054 8B0425[00000000]       mov eax, dword [dNum1]
    47 0000005B 2B0425[00000000]       sub eax, dword [dNum3]
    48 00000062 890425[00000000]       mov dword [dAns7], eax
    49                                 
    50 00000069 8B0425[00000000]       mov eax, dword [dNum2]
    51 00000070 2B0425[00000000]       sub eax, dword [dNum4]
    52 00000077 890425[00000000]       mov dword [dAns8], eax
    53                                 
    54 0000007E 8B0425[00000000]       mov eax, dword [dNum1]
    55 00000085 F72C25[00000000]       imul dword [dNum3]
    56 0000008C 890425[00000000]       mov dword [qAns11], eax
    57 00000093 891425[04000000]       mov dword [qAns11 + 4], edx
    58                                 
    59 0000009A 8B0425[00000000]       mov eax, dword [dNum2]
    60 000000A1 F7E8                   imul eax
    61 000000A3 890425[00000000]       mov dword [qAns12], eax
    62 000000AA 891425[04000000]       mov dword [qAns12 + 4], edx
    63                                 
    64 000000B1 8B0425[00000000]       mov eax, dword [dNum2]
    65 000000B8 F72C25[00000000]       imul dword [dNum4]
    66 000000BF 890425[00000000]       mov dword [qAns13], eax
    67 000000C6 891425[04000000]       mov dword [qAns13 + 4], edx
    68                                 
    69 000000CD 8B0425[00000000]       mov eax, dword [dNum1]
    70 000000D4 99                     cdq
    71 000000D5 F73C25[00000000]       idiv dword [dNum2]
    72 000000DC 890425[00000000]       mov dword [dAns16], eax
    73                                 
    74 000000E3 8B0425[00000000]       mov eax, dword [dNum3]
    75 000000EA 99                     cdq
    76 000000EB F73C25[00000000]       idiv dword [dNum4]
    77 000000F2 890425[00000000]       mov dword [dAns17], eax
    78                                 
    79 000000F9 8B0425[00000000]       mov eax, dword [qNum1]
    80 00000100 8B1425[04000000]       mov edx, dword [qNum1 + 4]
    81 00000107 F73C25[00000000]       idiv dword [dNum4]
    82 0000010E 890425[00000000]       mov dword [dAns18], eax
    83 00000115 891425[00000000]       mov dword [dRem18], edx
    84                                 
    85                                 last:
    86 0000011C 48C7C000000000          mov rax, SYS_exit
    87 00000123 48C7C700000000          mov rdi, EXIT_SUCCESS
