     1                                 %line 1+1 div.asm
     2                                 [section .data]
     3                                 
     4                                 EXIT_SUCCESS equ 0
     5                                 SYS_exit equ 60
     6                                 
     7 00000000 3F                     bNumA db 63
     8 00000001 11                     bNumB db 17
     9 00000002 05                     bNumC db 5
    10 00000003 00                     bAns1 db 0
    11 00000004 00                     bAns2 db 0
    12 00000005 00                     bRem2 db 0
    13 00000006 00                     bAns3 db 0
    14 00000007 00                     bAns4 db 0
    15 00000008 00                     bRem4 db 0
    16 00000009 07                     bb1 db 7
    17 0000000A E9                     bb2 db -23
    18 0000000B 0A                     bb3 db 10
    19                                 
    20 0000000C E110                   wNumA dw 4321
    21 0000000E D204                   wNumB dw 1234
    22 00000010 A700                   wNumC dw 167
    23 00000012 0000                   wAns1 dw 0
    24 00000014 0000                   wAns2 dw 0
    25 00000016 0000                   wRem2 dw 0
    26 00000018 0000                   wAns3 dw 0
    27                                 
    28 0000001A 10A40000               dNumA dd 42000
    29 0000001E ABF3FFFF               dNumB dd -3157
    30 00000022 DBFEFFFF               dNumC dd -293
    31 00000026 00000000               dAns1 dd 0
    32 0000002A 00000000               dAns2 dd 0
    33 0000002E 00000000               dRem2 dd 0
    34 00000032 00000000               dAns3 dd 0
    35                                 
    36 00000036 90230B0000000000       qNumA dq 730000
    37 0000003E 70CBFFFFFFFFFFFF       qNumB dq -13456
    38 00000046 01FBFFFFFFFFFFFF       qNumC dq -1279
    39 0000004E 0000000000000000       qAns1 dq 0
    40 00000056 0000000000000000       qAns2 dq 0
    41 0000005E 0000000000000000       qRem2 dq 0
    42 00000066 0000000000000000       qAns3 dq 0
    43                                 
    44                                 [section .text]
    45                                 [global _start]
    46                                 _start:
    47                                 
    48 00000000 8A0425[00000000]       mov al, byte [bNumA]
    49 00000007 B400                   mov ah, 0
    50 00000009 B303                   mov bl, 3
    51 0000000B F6F3                   div bl
    52 0000000D 880425[00000000]       mov byte [bAns1], al
    53                                 
    54 00000014 8A0425[00000000]       mov al, byte [bNumA]
    55 0000001B B400                   mov ah, 0
    56 0000001D F63425[00000000]       div byte [bNumB]
    57 00000024 880425[00000000]       mov byte [bAns2], al
    58 0000002B 882425[00000000]       mov byte [bRem2], ah
    59                                 
    60 00000032 8A0425[00000000]       mov al, byte [bNumA]
    61 00000039 F62425[00000000]       mul byte [bNumC]
    62 00000040 F63425[00000000]       div byte [bNumB]
    63 00000047 880425[00000000]       mov byte [bAns3], al
    64                                 
    65 0000004E 8A0425[00000000]       mov al, byte [bNumC]
    66 00000055 F6E0                   mul al
    67 00000057 B30A                   mov bl, 10
    68 00000059 F6F3                   div bl
    69 0000005B 880425[00000000]       mov byte [bAns4], al
    70 00000062 882425[00000000]       mov byte [bRem4], ah
    71                                 
    72                                 
    73 00000069 668B0425[00000000]     mov ax, word [wNumA]
    74 00000071 66BA0000               mov dx, 0
    75 00000075 66BB0500               mov bx, 5
    76 00000079 66F7F3                 div bx
    77 0000007C 66890425[00000000]     mov word [wAns1], ax
    78                                 
    79 00000084 668B0425[00000000]     mov ax, word [wNumA]
    80 0000008C 66BA0000               mov dx, 0
    81 00000090 66F73425[00000000]     div word [wNumB]
    82 00000098 66890425[00000000]     mov word [wAns2], ax
    83 000000A0 66891425[00000000]     mov word [wRem2], dx
    84                                 
    85 000000A8 668B0425[00000000]     mov ax, word [wNumA]
    86 000000B0 66F72425[00000000]     mul word [wNumC]
    87 000000B8 66F73425[00000000]     div word [wNumB]
    88 000000C0 66890425[00000000]     mov word [wAns3], ax
    89                                 
    90 000000C8 8B0425[00000000]       mov eax, dword [dNumA]
    91 000000CF 99                     cdq
    92 000000D0 BB07000000             mov ebx, 7
    93 000000D5 F7FB                   idiv ebx
    94 000000D7 890425[00000000]       mov dword [dAns1], eax
    95                                 
    96 000000DE 8B0425[00000000]       mov eax, dword [dNumA]
    97 000000E5 99                     cdq
    98 000000E6 F73C25[00000000]       idiv dword [dNumB]
    99 000000ED 890425[00000000]       mov dword [dAns2], eax
   100 000000F4 891425[00000000]       mov dword [dRem2], edx
   101                                 
   102 000000FB 8B0425[00000000]       mov eax, dword [dNumA]
   103 00000102 F72C25[00000000]       imul dword [dNumC]
   104 00000109 F73C25[00000000]       idiv dword [dNumB]
   105 00000110 890425[00000000]       mov dword [dAns3], eax
   106                                 
   107                                 
   108 00000117 488B0425[00000000]     mov rax, qword [qNumA]
   109 0000011F 4899                   cqo
   110 00000121 48C7C309000000         mov rbx, 9
   111 00000128 48F7FB                 idiv rbx
   112 0000012B 48890425[00000000]     mov qword [qAns1], rax
   113                                 
   114 00000133 488B0425[00000000]     mov rax, qword [qNumA]
   115 0000013B 4899                   cqo
   116 0000013D 48F73C25[00000000]     idiv qword [qNumB]
   117 00000145 48890425[00000000]     mov qword [qAns2], rax
   118 0000014D 48891425[00000000]     mov qword [qRem2], rdx
   119                                 
   120 00000155 488B0425[00000000]     mov rax, qword [qNumA]
   121 0000015D 48F72C25[00000000]     imul qword [qNumC]
   122 00000165 48F73C25[00000000]     idiv qword [qNumB]
   123 0000016D 48890425[00000000]     mov qword [qAns3], rax
   124                                 
   125 00000175 8A0425[00000000]       mov al, byte [bb1]
   126 0000017C D0E0                   shl al, 1
   127 0000017E 880425[00000000]       mov byte [bb1], al
   128                                 
   129 00000185 8A0425[00000000]       mov al, byte [bb2]
   130 0000018C D0F8                   sar al, 1
   131 0000018E 880425[00000000]       mov byte [bb2], al
   132                                 
   133 00000195 8A0425[00000000]       mov al, byte [bb1]
   134 0000019C 240A                   and al, 10
   135 0000019E 880425[00000000]       mov byte [bb3], al
   136                                 
   137                                 last:
   138 000001A5 48C7C03C000000          mov rax, SYS_exit
   139 000001AC 48C7C700000000          mov rdi, EXIT_SUCCESS
   140 000001B3 0F05                    syscall
