     1                                 %line 1+1 operations.asm
     2                                 [section .data]
     3                                 
     4                                 EXIT_SUCCESS equ 0
     5                                 SYS_exit equ 60
     6                                 
     7 00000000 05                     b1 db 5
     8 00000001 03                     b2 db 3
     9 00000002 64                     br db 100
    10                                 
    11 00000003 0000                   w1 dw 0
    12                                 
    13 00000005 64000000               d1 dd 100
    14 00000009 32000000               d2 dd 50
    15 0000000D 1A000000               dr dd 26
    16                                 
    17 00000011 00000000000000F0       dq1 dq 0xf000000000000000
    18 00000019 00000000000000F0       dq2 dq 0xf000000000000000
    19 00000021 0000000000000000       dqr dq 0
    20                                 
    21                                 [section .text]
    22                                 [global _start]
    23                                 _start:
    24                                 
    25                                 
    26 00000000 8A0425[00000000]       mov al, byte [b1]
    27 00000007 020425[00000000]       add al, byte [b2]
    28 0000000E FEC0                   inc al
    29 00000010 880425[00000000]       mov byte [b2], al
    30 00000017 FEC8                   dec al
    31 00000019 880425[00000000]       mov byte [br], al
    32                                 
    33                                 
    34 00000020 6698                   cbw
    35 00000022 66890425[00000000]     mov word [w1], ax
    36                                 
    37                                 
    38 0000002A 488B0425[00000000]     mov rax, qword [dq1]
    39 00000032 488B1425[08000000]     mov rdx, qword [dq1 + 8]
    40                                 
    41 0000003A 48030425[00000000]     add rax, qword [dq2]
    42 00000042 48131425[08000000]     adc rdx, qword [dq2 + 8]
    43                                 
    44 0000004A 48890425[00000000]     mov qword [dqr], rax
    45 00000052 48891425[08000000]     mov qword [dqr + 8], rdx
    46                                 
    47                                 
    48 0000005A 8B0425[00000000]       mov eax, dword[d1]
    49 00000061 2B0425[00000000]       sub eax, dword [d2]
    50 00000068 890425[00000000]       mov dword [dr], eax
    51 0000006F FF0C25[00000000]       dec dword [d1]
    52                                 
    53                                 last:
    54 00000076 48C7C03C000000          mov rax, SYS_exit
    55 0000007D 48C7C700000000          mov rdi, EXIT_SUCCESS
    56 00000084 0F05                    syscall
