     1                                 %line 1+1 1.asm
     2                                 [section .data]
     3                                 
     4                                 SYS_exit equ 60
     5                                 EXIT_SUCCESS equ 0
     6                                 
     7 00000000 0000000000803040CD-    fltList dq 16.5, 43.6, 7.75, 6.12, 90.12, 5.1, 6.02, 13.98
     8 00000000 CCCCCCCCCC45400000-
     9 00000000 000000001F407B14AE-
    10 00000000 47E17A184048E17A14-
    11 00000000 AE8756406666666666-
    12 00000000 66144014AE47E17A14-
    13 00000000 1840F6285C8FC2F52B-
    14 00000000 40                 
    15 00000040 9A99999999992F4000-     dq 15.8, -1.5, 78.1
    16 00000040 0000000000F8BF6666-
    17 00000040 666666865340       
    18 00000058 0B00000000000000       length dq ($ - fltList) / 8
    19 00000060 0000000000000000       sum dq 0.0
    20 00000068 0000000000000000       avg dq 0.0
    21                                 
    22                                 [section .text]
    23                                 [global _start]
    24                                 _start:
    25                                 
    26 00000000 488B0C25[00000000]     mov rcx, qword [length]
    27 00000008 48C7C3[00000000]       mov rbx, fltList
    28 0000000F 48C7C600000000         mov rsi, 0
    29 00000016 F20F100C25[00000000]     movsd xmm1, qword [sum]
    30                                 
    31                                 sum_loop:
    32 0000001F F20F1003                movsd xmm0, qword [rbx]
    33 00000023 F20F58C8                addsd xmm1, xmm0
    34 00000027 48FFC6                  inc rsi
    35 0000002A 4883C308                add rbx, 8
    36 0000002E 483B3425[00000000]      cmp rsi, qword [length]
    37 00000036 75E5                    jne sum_loop
    38                                 
    39 00000038 F20F110C25[00000000]     movsd qword [sum], xmm1
    40                                 
    41 00000041 F20F2A0425[00000000]     cvtsi2sd xmm0, dword [length]
    42 0000004A F20F5EC8               divsd xmm1, xmm0
    43 0000004E F20F110C25[00000000]     movsd qword [avg], xmm1
    44                                 
    45                                 endProgram:
    46 00000057 48C7C03C000000          mov rax, SYS_exit
    47 0000005E 48C7C700000000          mov rdi, EXIT_SUCCESS
    48 00000065 0F05                    syscall
