     1                                 %line 1+1 3.asm
     2                                 [section .data]
     3                                 
     4                                 SYS_exit equ 60
     5                                 SYS_write equ 1
     6                                 
     7                                 STDOUT equ 1
     8                                 
     9                                 EXIT_SUCCESS equ 0
    10                                 NULL equ 0
    11                                 
    12                                 
    13 00000000 4172652053616D6500     same_text db "Are Same", NULL
    14 00000009 0900000000000000       len_same dq $ - same_text
    15 00000011 417265204E6F742053-    not_same_text db "Are Not Same", NULL
    16 00000011 616D6500           
    17 0000001E 0D00000000000000       len_not_same dq $ - not_same_text
    18 00000026 000000000000F03F       one dq 1.0
    19 0000002E 9A9999999999B93F       add_step dq 0.1
    20 00000036 0000000000000000       sum dq 0.0
    21 0000003E 0A00000000000000       steps dq 10
    22                                 
    23                                 [section .text]
    24                                 [global printString]
    25                                 printString:
    26                                 
    27 00000000 48C7C001000000         mov rax, SYS_write
    28 00000007 4889F2                 mov rdx, rsi
    29 0000000A 4889FE                 mov rsi, rdi
    30 0000000D 48C7C701000000         mov rdi, STDOUT
    31 00000014 0F05                   syscall
    32                                 
    33 00000016 C3                     ret
    34                                 
    35                                 [global _start]
    36                                 _start:
    37                                 
    38 00000017 F20F100425[00000000]     movsd xmm0, qword [sum]
    39                                 
    40                                 loop_sum:
    41 00000020 F20F580425[00000000]      addsd xmm0, qword [add_step]
    42 00000029 48FF0C25[00000000]      dec qword [steps]
    43 00000031 48833C25[00000000]-     cmp qword [steps], 0
    44 00000031 00                 
    45 0000003A 75E2                    jne loop_sum
    46 0000003C F20F110425[00000000]      movsd qword [sum], xmm0
    47                                 
    48 00000045 660F2E0425[00000000]     ucomisd xmm0, qword [one]
    49 0000004E 7514                   jne not_one
    50                                 
    51 00000050 48C7C7[00000000]       mov rdi, same_text
    52 00000057 488B3425[00000000]     mov rsi, qword [len_same]
    53 0000005F E897FFFFFF             call printString
    54 00000064 EB12                   jmp endProgram
    55                                 
    56                                 not_one:
    57 00000066 48C7C7[00000000]       mov rdi, not_same_text
    58 0000006D 488B3425[00000000]     mov rsi, qword [len_not_same]
    59 00000075 E881FFFFFF             call printString
    60                                 
    61                                 endProgram:
    62 0000007A 48C7C03C000000          mov rax, SYS_exit
    63 00000081 48C7C700000000          mov rdi, EXIT_SUCCESS
    64 00000088 0F05                    syscall
