     1                                 %line 1+1 1.asm
     2                                 [section .bss]
     3                                 
     4 00000000 <gap>                  strNum resb 10
     5                                 
     6                                 [section .data]
     7                                 
     8                                 SYS_exit equ 60
     9                                 EXIT_SUCCESS equ 0
    10                                 zero equ '0'
    11                                 NULL equ 0
    12                                 
    13 00000000 6E12020000000000       n dq 135790
    14                                 
    15                                 [section .text]
    16                                 [global _start]
    17                                 _start:
    18                                 
    19 00000000 49C7C000000000         mov r8, 0
    20 00000007 48C7C30A000000         mov rbx, 10
    21                                 
    22                                 pushing:
    23 0000000E 48C7C200000000          mov rdx, 0
    24 00000015 488B0425[00000000]      mov rax, qword [n]
    25 0000001D 48F7F3                  div rbx
    26 00000020 52                      push rdx
    27 00000021 49FFC0                  inc r8
    28 00000024 48890425[00000000]      mov qword [n], rax
    29 0000002C 4883F800                cmp rax, 0
    30 00000030 75DA                    jne pushing
    31 00000032 48C7C100000000          mov rcx, 0
    32                                 
    33                                 poping:
    34 00000039 58                      pop rax
    35 0000003A 4883C030                add rax, zero
    36 0000003E 8881[00000000]          mov byte [strNum + rcx], al
    37 00000044 48FFC1                  inc rcx
    38 00000047 4C39C1                  cmp rcx, r8
    39 0000004A 75EB                    jne poping
    40 0000004C C681[00000000]00        mov byte [strNum + rcx], NULL
    41                                 
    42                                 last:
    43 00000053 48C7C03C000000          mov rax, SYS_exit
    44 0000005A 48C7C700000000          mov rdi, EXIT_SUCCESS
    45 00000061 0F05                    syscall
