     1                                 %line 1+1 2.asm
     2                                 [section .bss]
     3                                 
     4 00000000 <gap>                  strNum resb 11
     5                                 
     6                                 [section .data]
     7                                 
     8                                 NULL equ 0
     9                                 SYS_exit equ 60
    10                                 EXIT_SUCCESS equ 0
    11                                 
    12 00000000 F6F9FFFFFFFFFFFF       n dq -1546
    13                                 
    14                                 [section .text]
    15                                 [global _start]
    16                                 _start:
    17                                 
    18 00000000 48C7C101000000         mov rcx, 1
    19 00000007 48C7C30A000000         mov rbx, 10
    20                                 
    21 0000000E 48833C25[00000000]-    cmp qword [n], 0
    22 0000000E 00                 
    23 00000017 7D0F                   jge positive
    24 00000019 C60425[00000000]2D     mov byte [strNum], '-'
    25 00000021 49C7C101000000         mov r9, 1
    26 00000028 EB06                   jmp end_sign
    27                                 positive:
    28 0000002A C60425[00000000]2B     mov byte [strNum], '+'
    29                                 end_sign:
    30                                 
    31                                 pushing:
    32 00000032 488B0425[00000000]      mov rax, qword [n]
    33 0000003A 4899                    cqo
    34 0000003C 48F7FB                  idiv rbx
    35 0000003F 52                      push rdx
    36 00000040 48FFC1                  inc rcx
    37 00000043 48890425[00000000]      mov qword [n], rax
    38 0000004B 48833C25[00000000]-     cmp qword [n], 0
    39 0000004B 00                 
    40 00000054 75DA                    jne pushing
    41                                 
    42 00000056 49C7C001000000         mov r8, 1
    43                                 
    44                                 poping:
    45 0000005D 58                      pop rax
    46 0000005E 4983F900                cmp r9, 0
    47 00000062 7404                    je normal
    48 00000064 48F7D0                  not rax
    49 00000067 48FFC0                  inc rax
    50                                  normal:
    51 0000006A 4883C030                add rax, '0'
    52 0000006E 418880[00000000]        mov byte [strNum + r8], al
    53 00000075 49FFC0                  inc r8
    54 00000078 4939C8                  cmp r8, rcx
    55 0000007B 75DE                    jne poping
    56 0000007D 41C680[00000000]00      mov byte [strNum + r8], NULL
    57                                 
    58 00000085 48890C25[00000000]     mov qword [n], rcx
    59                                 
    60                                 last:
    61 0000008D 48C7C03C000000          mov rax, SYS_exit
    62 00000094 48C7C700000000          mov rdi, EXIT_SUCCESS
    63 0000009B 0F05                    syscall
