     1                                 %line 1+1 1.asm
     2                                 [section .data]
     3                                 
     4                                 STDOUT equ 1
     5                                 SYS_write equ 1
     6                                 SYS_exit equ 60
     7                                 LF equ 10
     8                                 NULL equ 0
     9                                 
    10 00000000 0A00                   newline db LF, NULL
    11 00000002 48656C6C6F20576F72-    msg1 db "Hello World", LF, NULL
    12 00000002 6C640A00           
    13 0000000F 0C00000000000000       len1 dq $ - msg1 - 1
    14 00000017 48656C6C6F204F6E65-    msg2 db "Hello Onesti", LF, NULL
    15 00000017 7374690A00         
    16 00000025 0D00000000000000       len2 dq $ - msg2 - 1
    17 0000002D 4920616D20696E2047-    msg3 db "I am in Greece", LF, NULL
    18 0000002D 72656563650A00     
    19 0000003D 0F00000000000000       len3 dq $ - msg3 - 1
    20                                 
    21                                 [section .text]
    22                                 
    23                                 [global printString]
    24                                 printString:
    25                                 
    26 00000000 48C7C001000000         mov rax, SYS_write
    27 00000007 48C7C701000000         mov rdi, STDOUT
    28 0000000E 0F05                   syscall
    29                                 
    30 00000010 C3                     ret
    31                                 
    32                                 
    33                                 [global _start]
    34                                 _start:
    35                                 
    36 00000011 48C7C6[00000000]       mov rsi, msg1
    37 00000018 488B1425[00000000]     mov rdx, qword [len1]
    38 00000020 E8D6FFFFFF             call printString
    39                                 
    40 00000025 48C7C6[00000000]       mov rsi, msg2
    41 0000002C 488B1425[00000000]     mov rdx, qword [len2]
    42 00000034 E8C2FFFFFF             call printString
    43                                 
    44 00000039 48C7C6[00000000]       mov rsi, msg3
    45 00000040 488B1425[00000000]     mov rdx, qword [len3]
    46 00000048 E8AEFFFFFF             call printString
    47                                 
    48                                 
    49                                 
    50                                 last:
    51 0000004D 48C7C03C000000          mov rax, SYS_exit
    52 00000054 48C7C700000000          mov rdi, 0
    53 0000005B 0F05                    syscall
    54                                 
