     1                                 %line 1+1 2.asm
     2                                 [section .bss]
     3                                 
     4 00000000 <gap>                  read_string resb 11
     5 0000000B <gap>                  chr resb 1
     6                                 
     7                                 [section .data]
     8                                 
     9                                 NULL equ 0
    10                                 STDIN equ 0
    11                                 STDOUT equ 1
    12                                 SYS_read equ 0
    13                                 SYS_write equ 1
    14                                 SYS_exit equ 60
    15                                 LF equ 10
    16                                 
    17 00000000 0A00000000000000       len dq 10
    18                                 
    19                                 [section .text]
    20                                 
    21                                 [global readString]
    22                                 readString:
    23                                 
    24 00000000 4889FB                 mov rbx, rdi
    25 00000003 49C7C400000000         mov r12, 0
    26                                 
    27                                 read_chars:
    28 0000000A 48C7C000000000          mov rax, SYS_read
    29 00000011 48C7C700000000          mov rdi, STDIN
    30 00000018 48C7C6[00000000]        mov rsi, chr
    31 0000001F 48C7C201000000          mov rdx, 1
    32 00000026 0F05                    syscall
    33                                 
    34 00000028 8A0425[00000000]        mov al, byte [chr]
    35 0000002F 3C0A                    cmp al, LF
    36 00000031 7412                    je read_done
    37                                 
    38 00000033 49FFC4                  inc r12
    39 00000036 4C3B2425[00000000]      cmp r12, qword [len]
    40 0000003E 73C8                    jae read_chars
    41                                 
    42 00000040 8803                    mov byte [rbx], al
    43 00000042 48FFC3                  inc rbx
    44                                 
    45 00000045 EBC1                    jmp read_chars
    46                                 
    47                                  read_done:
    48 00000047 C60300                  mov byte [rbx], NULL
    49                                 
    50 0000004A C3                     ret
    51                                 
    52                                 [global printString]
    53                                 printString:
    54                                 
    55 0000004B 4889F2                 mov rdx, rsi
    56 0000004E 4889FE                 mov rsi, rdi
    57 00000051 48C7C001000000         mov rax, SYS_write
    58 00000058 48C7C701000000         mov rdi, STDOUT
    59 0000005F 0F05                   syscall
    60                                 
    61 00000061 C3                     ret
    62                                 
    63                                 [global _start]
    64                                 _start:
    65                                 
    66 00000062 48C7C7[00000000]       mov rdi, read_string
    67 00000069 E88DFFFFFF             call readString
    68                                 
    69 0000006E 48C7C7[00000000]       mov rdi, read_string
    70 00000075 488B3425[00000000]     mov rsi, qword [len]
    71 0000007D E8C4FFFFFF             call printString
    72                                 
    73                                 exit_program:
    74 00000082 48C7C03C000000          mov rax, SYS_exit
    75 00000089 48C7C700000000          mov rdi, 0
    76 00000090 0F05                    syscall
