     1                                 %line 1+1 3.asm
     2                                 [section .bss]
     3                                 
     4 00000000 <gap>                  pass_string resb 21
     5 00000015 <gap>                  chr resb 1
     6 00000016 <gap>                  file_descriptor resq 1
     7                                 
     8                                 [section .data]
     9                                 
    10                                 LF equ 10
    11                                 NULL equ 0
    12                                 STDIN equ 0
    13                                 STDOUT equ 1
    14                                 
    15                                 SYS_read equ 0
    16                                 SYS_write equ 1
    17                                 SYS_exit equ 60
    18                                 SYS_creat equ 85
    19                                 SYS_open equ 2
    20                                 SYS_close equ 3
    21                                 
    22                                 O_RDWR equ 2
    23                                 S_IRWXU equ 00700
    24                                 len equ 20
    25                                 
    26 00000000 4E4F53554343455353-    status db "NOSUCCESS", NULL
    27 00000000 00                 
    28 0000000A 706173735F77726974-    file_path db "pass_write.txt", NULL
    29 0000000A 652E74787400       
    30 00000019 5355434345535300       success db "SUCCESS", NULL
    31 00000021 0800000000000000       len_suc dq 8
    32                                 
    33                                 [section .text]
    34                                 
    35                                 [global readString]
    36                                 readString:
    37                                 
    38 00000000 4889FB                 mov rbx, rdi
    39 00000003 49C7C400000000         mov r12, 0
    40                                 
    41                                 readchars:
    42 0000000A 48C7C000000000          mov rax, SYS_read
    43 00000011 48C7C700000000          mov rdi, STDIN
    44 00000018 48C7C6[00000000]        mov rsi, chr
    45 0000001F 48C7C201000000          mov rdx, 1
    46 00000026 0F05                    syscall
    47                                 
    48 00000028 8A0425[00000000]        mov al, byte [chr]
    49 0000002F 3C0A                    cmp al, LF
    50 00000031 740E                    je read_done
    51                                 
    52 00000033 49FFC4                  inc r12
    53 00000036 4983FC14                cmp r12, len
    54 0000003A 73CC                    jae readchars
    55                                 
    56 0000003C 8803                    mov byte [rbx], al
    57 0000003E 48FFC3                  inc rbx
    58                                 
    59 00000041 EBC5                    jmp readchars
    60                                 
    61                                 read_done:
    62 00000043 C60300                  mov byte [rbx], NULL
    63                                 
    64 00000046 C3                     ret
    65                                 
    66                                 [global fileWrite]
    67                                 fileWrite:
    68                                 
    69 00000047 48C7C001000000         mov rax, SYS_write
    70 0000004E 0F05                   syscall
    71                                 
    72 00000050 C3                     ret
    73                                 
    74                                 [global _start]
    75                                 _start:
    76                                 
    77 00000051 48C7C7[00000000]       mov rdi, pass_string
    78 00000058 E89EFFFFFF             call readString
    79                                 
    80 0000005D 48C7C055000000         mov rax, SYS_creat
    81 00000064 48C7C7[00000000]       mov rdi, file_path
    82 0000006B 48C7C6C0010000         mov rsi, S_IRWXU
    83 00000072 0F05                   syscall
    84                                 
    85 00000074 4883F800               cmp rax, 0
    86 00000078 726E                   jb its_not_ok
    87                                 
    88 0000007A 48C7C002000000         mov rax, SYS_open
    89 00000081 48C7C7[00000000]       mov rdi, file_path
    90 00000088 48C7C602000000         mov rsi, O_RDWR
    91 0000008F 0F05                   syscall
    92                                 
    93 00000091 4883F800               cmp rax, 0
    94 00000095 7251                   jb its_not_ok
    95                                 
    96 00000097 48890425[00000000]     mov qword [file_descriptor], rax
    97 0000009F 4889C7                 mov rdi, rax
    98 000000A2 48C7C6[00000000]       mov rsi, pass_string
    99 000000A9 48C7C214000000         mov rdx, len
   100 000000B0 E88DFFFFFF             call fileWrite
   101                                 
   102 000000B5 49C7C400000000         mov r12, 0
   103                                 set_success:
   104 000000BC 418A8424[00000000]      mov al, byte [success + r12]
   105 000000C4 41888424[00000000]      mov byte [status + r12], al
   106 000000CC 49FFC4                  inc r12
   107 000000CF 4C3B2425[00000000]      cmp r12, qword [len_suc]
   108 000000D7 75E1                    jne set_success
   109                                 
   110 000000D9 48C7C003000000         mov rax, SYS_close
   111 000000E0 488B3C25[00000000]     mov rdi, qword [file_descriptor]
   112 000000E8 0F05                   syscall
   113                                 
   114                                 its_not_ok:
   115                                 
   116                                 last:
   117 000000EA 48C7C03C000000          mov rax, SYS_exit
   118 000000F1 48C7C700000000          mov rdi, 0
   119 000000F8 0F05                    syscall
