     1                                 %line 1+1 mult.asm
     2                                 [section .data]
     3                                 
     4                                 EXIT_SUCCESS equ 0
     5                                 SYS_exit equ 60
     6                                 
     7 00000000 2A                     bNumA db 42
     8 00000001 49                     bNumB db 73
     9 00000002 0000                   wAns dw 0
    10 00000004 0000                   wAns1 dw 0
    11                                 
    12 00000006 F4                     w1 db -12
    13 00000007 FC                     w2 db -4
    14                                 
    15 00000008 E110                   wNumA dw 4321
    16 0000000A D204                   wNumB dw 1234
    17 0000000C 00000000               dAns2 dd 0
    18                                 
    19 00000010 10A40000               dNumA dd 42000
    20 00000014 281D0100               dNumB dd 73000
    21 00000018 0000000000000000       qAns3 dq 0
    22                                 
    23 00000020 A068060000000000       qNumA dq 420000
    24 00000028 90230B0000000000       qNumB dq 730000
    25 00000030 000000000000000000-    dqAns4 ddq 0
    26 00000030 00000000000000     
    27                                 
    28                                 
    29 00000040 B004                   wNumC dw 1200
    30 00000042 30F8                   wNumD dw -2000
    31 00000044 0000                   wAns11 dw 0
    32 00000046 0000                   wAns22 dw 0
    33                                 
    34 00000048 10A40000               dNumC dd 42000
    35 0000004C 38CDFFFF               dNumD dd -13000
    36 00000050 00000000               dAns11 dd 0
    37 00000054 00000000               dAns22 dd 0
    38                                 
    39 00000058 C0D4010000000000       qNumC dq 120000
    40 00000060 907DFCFFFFFFFFFF       qNumD dq -230000
    41 00000068 0000000000000000       qAns11 dq 0
    42 00000070 0000000000000000       qAns22 dq 0
    43                                 
    44                                 [section .text]
    45                                 [global _start]
    46                                 _start:
    47                                 
    48 00000000 8A0425[00000000]       mov al, byte [bNumA]
    49 00000007 F6E0                   mul al
    50 00000009 66890425[00000000]     mov word [wAns], ax
    51                                 
    52 00000011 8A0425[00000000]       mov al, byte [bNumA]
    53 00000018 F62425[00000000]       mul byte [bNumB]
    54 0000001F 66890425[00000000]     mov word [wAns1], ax
    55                                 
    56 00000027 668B0425[00000000]     mov ax, word [wNumA]
    57 0000002F 66F72425[00000000]     mul word [wNumB]
    58 00000037 66890425[00000000]     mov word [dAns2], ax
    59 0000003F 66891425[02000000]     mov word [dAns2 + 2], dx
    60                                 
    61 00000047 8B0425[00000000]       mov eax, dword [dNumA]
    62 0000004E F72425[00000000]       mul dword [dNumB]
    63 00000055 890425[00000000]       mov dword [qAns3], eax
    64 0000005C 891425[04000000]       mov dword [qAns3 + 4], edx
    65                                 
    66 00000063 488B0425[00000000]     mov rax, qword [qNumA]
    67 0000006B 48F72425[00000000]     mul qword [qNumB]
    68 00000073 48890425[00000000]     mov qword [dqAns4], rax
    69 0000007B 48891425[08000000]     mov qword [dqAns4 + 8], rdx
    70                                 
    71 00000083 8A0425[00000000]       mov al, byte [w1]
    72 0000008A F62C25[00000000]       imul byte [w2]
    73 00000091 880425[00000000]       mov byte [w2], al
    74                                 
    75 00000098 668B0425[00000000]     mov ax, word [wNumC]
    76 000000A0 666BC0F3               imul ax, -13
    77 000000A4 66890425[00000000]     mov word [wAns11], ax
    78                                 
    79 000000AC 668B0425[00000000]     mov ax, word [wNumC]
    80 000000B4 660FAF0425[00000000]     imul ax, word [wNumD]
    81 000000BD 66890425[00000000]     mov word [wAns22], ax
    82                                 
    83 000000C5 8B0425[00000000]       mov eax, dword [dNumC]
    84 000000CC 6BC071                 imul eax, 113
    85 000000CF 890425[00000000]       mov dword [dAns11], eax
    86                                 
    87 000000D6 8B0425[00000000]       mov eax, dword [dNumC]
    88 000000DD 0FAF0425[00000000]     imul eax, dword [dNumD]
    89 000000E5 890425[00000000]       mov dword [dAns22], eax
    90                                 
    91 000000EC 488B0425[00000000]     mov rax, qword [qNumC]
    92 000000F4 4869C0B81B0000         imul rax, 7096
    93 000000FB 48890425[00000000]     mov qword [qAns11], rax
    94                                 
    95 00000103 488B0C25[00000000]     mov rcx, qword [qNumC]
    96 0000010B 4869D9B81B0000         imul rbx, rcx, 7096
    97 00000112 48891C25[00000000]     mov qword [qAns22], rbx
    98                                 
    99 0000011A 488B0425[00000000]     mov rax, qword [qNumC]
   100 00000122 480FAF0425[00000000]     imul rax, qword [qNumD]
   101 0000012B 48890425[00000000]     mov qword [qAns22], rax
   102                                 
   103                                 last:
   104 00000133 48C7C03C000000          mov rax, SYS_exit
   105 0000013A 48C7C700000000          mov rdi, EXIT_SUCCESS
   106 00000141 0F05                    syscall
